#-----------------------------------------------------------
# Vivado v2018.2.1 (64-bit)
# SW Build 2288692 on Thu Jul 26 18:24:02 MDT 2018
# IP Build 2289599 on Thu Jul 26 21:09:20 MDT 2018
# Start of session at: Sat Oct  6 14:36:07 2018
# Process ID: 1260
# Current directory: C:/Users/Seacow/Desktop/lab1/lab1
# Command line: vivado.exe -gui_launcher_event rodinguilauncherevent8180 C:\Users\Seacow\Desktop\lab1\lab1\lab1.xpr
# Log file: C:/Users/Seacow/Desktop/lab1/lab1/vivado.log
# Journal file: C:/Users/Seacow/Desktop/lab1/lab1\vivado.jou
#-----------------------------------------------------------
start_gui
open_project C:/Users/Seacow/Desktop/lab1/lab1/lab1.xpr
INFO: [Project 1-313] Project file moved from 'C:/Users/005287928/Documents/CSE401/lab1/lab1' since last save.
Scanning sources...
Finished scanning sources
INFO: [IP_Flow 19-234] Refreshing IP repositories
INFO: [IP_Flow 19-1704] No user IP repositories specified
INFO: [IP_Flow 19-2313] Loaded Vivado IP repository 'D:/Xilinx/Vivado/2018.2/data/ip'.
open_project: Time (s): cpu = 00:00:14 ; elapsed = 00:00:24 . Memory (MB): peak = 768.305 ; gain = 62.270
update_compile_order -fileset sources_1
close [ open C:/Users/Seacow/Desktop/lab1/lab1/lab1.srcs/sources_1/new/InstrucMem.v w ]
add_files C:/Users/Seacow/Desktop/lab1/lab1/lab1.srcs/sources_1/new/InstrucMem.v
update_compile_order -fileset sources_1
close [ open C:/Users/Seacow/Desktop/lab1/lab1/lab1.srcs/sources_1/new/IFM.v w ]
add_files C:/Users/Seacow/Desktop/lab1/lab1/lab1.srcs/sources_1/new/IFM.v
update_compile_order -fileset sources_1
update_compile_order -fileset sources_1
update_compile_order -fileset sources_1
update_compile_order -fileset sources_1
update_compile_order -fileset sources_1
update_compile_order -fileset sources_1
update_compile_order -fileset sources_1
update_compile_order -fileset sources_1
exit
INFO: [Common 17-206] Exiting Vivado at Sat Oct  6 18:57:35 2018...
